<?xml version="1.0" encoding="UTF-8"?>
<!-- Generated by org.testng.reporters.JUnitXMLReporter -->
<testsuite ignored="0" hostname="TelkatBhaat" failures="0" tests="19" name="Default test" time="4.696" errors="0" timestamp="2024-05-08T09:54:39 GMT-07:00">
  <testcase classname="com.haullog.haullog.controllers.expenseControllerTests.addExpenseControllerTests.AddExpenseControllerSuccessTest" name="testAddExpenseControllerSuccess" time="0.253"/>
  <testcase classname="com.haullog.haullog.services.expenseServiceImplementationTests.GetExpensesForEmployeeServiceTest" name="testGetExpenseByEmployeeServiceSuccess" time="0.007"/>
  <testcase classname="com.haullog.haullog.controllers.ShipmentControllerTests" name="testGetShipmentsByDateInFutureError" time="0.007"/>
  <testcase classname="com.haullog.haullog.controllers.ShipmentControllerTests" name="testGetShipmentsByDateMonthError" time="0.003"/>
  <testcase classname="com.haullog.haullog.controllers.ShipmentControllerTests" name="testGetShipmentsByDateSuccess" time="0.004"/>
  <testcase classname="com.haullog.haullog.controllers.LoginControllerTests" name="testLoginSuccess" time="0.003"/>
  <testcase classname="com.haullog.haullog.controllers.LoginControllerTests" name="testLoginUserNotFound" time="0.018"/>
  <testcase classname="com.haullog.haullog.controllers.LoginControllerTests" name="testLoginWrongPassword" time="0.004"/>
  <testcase classname="com.haullog.haullog.services.expenseServiceImplementationTests.GetExpensesForTruckServiceTest" name="getExpensesForTruckServiceTest" time="0.004"/>
  <testcase classname="com.haullog.haullog.controllers.expenseControllerTests.getExpenseByTruckIdTests.GetExpensesByTruckIdTests" name="testGetExpensesForTruck" time="0.002"/>
  <testcase classname="com.haullog.haullog.services.shipmentServiceImplementationTests.GetShipmentsByMonthYearSuccessTest" name="getShipmentsByMonthYearFound" time="0.014"/>
  <testcase classname="com.haullog.haullog.controllers.expenseControllerTests.getExpenseByEmployeeIdTests.GetExpenseByEmployeeIdTests" name="testGetExpensesForEmployee" time="0.004"/>
  <testcase classname="com.haullog.haullog.services.userServiceImplementation.GetUserByUsernameFailureTest" name="createNewUserFailure" time="0.003"/>
  <testcase classname="com.haullog.haullog.HaUlLogApplicationTests" name="contextLoads" time="0.002"/>
  <testcase classname="com.haullog.haullog.services.userServiceImplementation.GetUserByUsernameSuccessTest" name="getUserByUserNameSuccess" time="0.002"/>
  <testcase classname="com.haullog.haullog.controllers.SignUpControllerTests" name="testSignUpSuccess" time="0.003"/>
  <testcase classname="com.haullog.haullog.controllers.SignUpControllerTests" name="testSignUpUserAlreadyExists" time="0.011"/>
  <testcase classname="com.haullog.haullog.services.shipmentServiceImplementationTests.GetShipmentsByMonthFailureTest" name="getShipmentsByMonthYearEmpty" time="0.003"/>
  <testcase classname="com.haullog.haullog.services.expenseServiceImplementationTests.AddExpenseTest" name="testAddExpenseServiceSuccess" time="0.012"/>
</testsuite> <!-- Default test -->
